process=32461, parent=32460
Dr. Memory version 1.11.2 build 1 built on Feb 22 2019 14:53:34
new thread #1 id=32461
new logfile after fork
start time: 3671862:31:03.547 == 06:31:03.547 11/20/2019

Error #1: LEAK 281 direct bytes 0x00007fc938ed3670-0x00007fc938ed3789 + 0 indirect bytes
# 0 replace_malloc    [/drmemory_package/common/alloc_replace.c:2577] (0x00000000738482c0 <libdrmemorylib.so+0x482c0>) modid:1
# 1 xmalloc (0x00007fc938c390de <bash+0x870de>) modid:2
# 2 set_default_locale (0x00007fc938c32b3b <bash+0x80b3b>) modid:2
# 3 main (0x00007fc938be1e67 <bash+0x2fe67>) modid:2
	error end

DUPLICATE ERROR COUNTS:

SUPPRESSIONS USED:
	     2x (leaked    4504 bytes): default (ld-linux stores index+1)

ERRORS FOUND:
      0 unique,     0 total unaddressable access(es)
      0 unique,     0 total uninitialized access(es)
      0 unique,     0 total invalid heap argument(s)
      0 unique,     0 total warning(s)
      1 unique,     1 total,    281 byte(s) of leak(s)
      0 unique,     0 total,      0 byte(s) of possible leak(s)
ERRORS IGNORED:
      0 ignored assumed-innocuous system leak(s)
    494 unique,  1201 total,  84088 byte(s) of still-reachable allocation(s)
         (re-run with "-show_reachable" for details)
Details: /home/alex/tools/fuzzer/dynamorio/7.1.0-1-build/drmemory/drmemory/logs/DrMemory-bash.32461.000/results.txt

DUPLICATE POTENTIAL ERROR COUNTS:

POTENTIAL ERRORS FOUND:
      0 unique,     0 total potential unaddressable access(es)
      0 unique,     0 total potential uninitialized access(es)
      0 unique,     0 total potential invalid heap argument(s)
      0 unique,     0 total potential warning(s)
      0 unique,     0 total,      0 byte(s) of potential leak(s)
      0 unique,     0 total,      0 byte(s) of potential possible leak(s)
Details: /home/alex/tools/fuzzer/dynamorio/7.1.0-1-build/drmemory/drmemory/logs/DrMemory-bash.32461.000/potential_errors.txt
Exiting @0:00:02.216 in thread 32461
LOG END
