process=514, parent=32681
Dr. Memory version 1.11.2 build 1 built on Feb 22 2019 14:53:34
start time: 3671862:34:14.028 == 06:34:14.028 11/20/2019
Recorded 17 suppression(s) from default /home/alex/tools/fuzzer/dynamorio/7.1.0-1-build/drmemory/bin64/suppress-default.txt
new thread #0 id=514
WARNING: symbol cache file has wrong version

module load event: "libdrmemorylib.so" 0x0000000073800000-0x0000000073b4d000 modid: 1 /home/alex/tools/fuzzer/dynamorio/7.1.0-1-build/drmemory/bin64/release/libdrmemorylib.so
WARNING: symbol cache file has wrong version

module load event: "ps" 0x00007f2efac46000-0x00007f2efae88000 modid: 2 /bin/ps
WARNING: unable to load symbols for /bin/ps
WARNING: symbol cache file has wrong version

module load event: "ld-linux-x86-64.so.2" 0x00007f2efec5e000-0x00007f2efee88000 modid: 3 /lib/x86_64-linux-gnu/ld-2.27.so
WARNING: symbol cache file has wrong version

module load event: "libdynamorio.so" 0x00007f2efee89000-0x00007f2eff255000 modid: 4 /home/alex/tools/fuzzer/dynamorio/7.1.0-1-build/lib64/release/libdynamorio.so
WARNING: unable to open [vdso]
WARNING: symbol cache file has wrong version

module load event: "linux-vdso.so.1" 0x00007ffd7c5c9000-0x00007ffd7c5cb000 modid: 5 [vdso]
WARNING: symbol cache file has wrong version

module load event: "libc.so.6" 0x00007f2efd45a000-0x00007f2efd84b000 modid: 6 /lib/x86_64-linux-gnu/libc-2.27.so
WARNING: symbol cache file has wrong version

module load event: "librt.so.1" 0x00007f2efcfce000-0x00007f2efd1d6000 modid: 7 /lib/x86_64-linux-gnu/librt-2.27.so
WARNING: symbol cache file has wrong version

module load event: "libpthread.so.0" 0x00007f2efc652000-0x00007f2efc871000 modid: 8 /lib/x86_64-linux-gnu/libpthread-2.27.so
WARNING: unhandled system calls found
WARNING: symbol cache file has wrong version

module load event: "libgpg-error.so.0" 0x00007f2efc43d000-0x00007f2efc652000 modid: 9 /lib/x86_64-linux-gnu/libgpg-error.so.0.22.0
WARNING: unable to load symbols for /lib/x86_64-linux-gnu/libgpg-error.so.0.22.0
WARNING: symbol cache file has wrong version

module load event: "libgcrypt.so.20" 0x00007f2efc871000-0x00007f2efcb8c000 modid: 10 /lib/x86_64-linux-gnu/libgcrypt.so.20.2.1
WARNING: unable to load symbols for /lib/x86_64-linux-gnu/libgcrypt.so.20.2.1
WARNING: symbol cache file has wrong version

module load event: "liblz4.so.1" 0x00007f2efcb8c000-0x00007f2efcda8000 modid: 11 /usr/lib/x86_64-linux-gnu/liblz4.so.1.7.1
WARNING: unable to load symbols for /usr/lib/x86_64-linux-gnu/liblz4.so.1.7.1
WARNING: symbol cache file has wrong version

module load event: "libdl.so.2" 0x00007f2efd84b000-0x00007f2efda4f000 modid: 12 /lib/x86_64-linux-gnu/libdl-2.27.so
WARNING: symbol cache file has wrong version

module load event: "liblzma.so.5" 0x00007f2efcda8000-0x00007f2efcfce000 modid: 13 /lib/x86_64-linux-gnu/liblzma.so.5.2.2
WARNING: unable to load symbols for /lib/x86_64-linux-gnu/liblzma.so.5.2.2
WARNING: symbol cache file has wrong version

module load event: "libsystemd.so.0" 0x00007f2efd1d6000-0x00007f2efd45a000 modid: 14 /lib/x86_64-linux-gnu/libsystemd.so.0.21.0
WARNING: unable to load symbols for /lib/x86_64-linux-gnu/libsystemd.so.0.21.0
WARNING: symbol cache file has wrong version

module load event: "libprocps.so.6" 0x00007f2efda4f000-0x00007f2efdc73000 modid: 15 /lib/x86_64-linux-gnu/libprocps.so.6.0.0
WARNING: unable to load symbols for /lib/x86_64-linux-gnu/libprocps.so.6.0.0

DUPLICATE ERROR COUNTS:

SUPPRESSIONS USED:
	     2x (leaked    4648 bytes): default (ld-linux stores index+1)

NO ERRORS FOUND:
      0 unique,     0 total unaddressable access(es)
      0 unique,     0 total uninitialized access(es)
      0 unique,     0 total invalid heap argument(s)
      0 unique,     0 total warning(s)
      0 unique,     0 total,      0 byte(s) of leak(s)
      0 unique,     0 total,      0 byte(s) of possible leak(s)
ERRORS IGNORED:
      0 ignored assumed-innocuous system leak(s)
     56 unique,   165 total, 301505 byte(s) of still-reachable allocation(s)
         (re-run with "-show_reachable" for details)
Details: /home/alex/tools/fuzzer/dynamorio/7.1.0-1-build/drmemory/drmemory/logs/DrMemory-ps.514.000/results.txt

DUPLICATE POTENTIAL ERROR COUNTS:

NO POTENTIAL ERRORS FOUND:
      0 unique,     0 total potential unaddressable access(es)
      0 unique,     0 total potential uninitialized access(es)
      0 unique,     0 total potential invalid heap argument(s)
      0 unique,     0 total potential warning(s)
      0 unique,     0 total,      0 byte(s) of potential leak(s)
      0 unique,     0 total,      0 byte(s) of potential possible leak(s)
Details: /home/alex/tools/fuzzer/dynamorio/7.1.0-1-build/drmemory/drmemory/logs/DrMemory-ps.514.000/potential_errors.txt
Exiting @0:00:05.329 in thread 514
LOG END
